ERROR main org.fundaciobit.plugins.documentcustody.alfresco.base.AlfrescoBaseDocumentCustodyPlugin - No s'ha pogut guardar el document amb id=1523266246930441505746449136
org.apache.chemistry.opencmis.commons.exceptions.CmisConnectionException: Cannot access http://localhost:9080/alfresco/api/-default-/public/cmis/versions/1.0/atom: Connection refused: connect
	at org.apache.chemistry.opencmis.client.bindings.spi.http.DefaultHttpInvoker.invoke(DefaultHttpInvoker.java:224)
	at org.apache.chemistry.opencmis.client.bindings.spi.http.DefaultHttpInvoker.invokeGET(DefaultHttpInvoker.java:55)
	at org.apache.chemistry.opencmis.client.bindings.spi.atompub.AbstractAtomPubService.read(AbstractAtomPubService.java:597)
	at org.apache.chemistry.opencmis.client.bindings.spi.atompub.AbstractAtomPubService.getRepositoriesInternal(AbstractAtomPubService.java:764)
	at org.apache.chemistry.opencmis.client.bindings.spi.atompub.RepositoryServiceImpl.getRepositoryInfos(RepositoryServiceImpl.java:62)
	at org.apache.chemistry.opencmis.client.bindings.impl.RepositoryServiceImpl.getRepositoryInfos(RepositoryServiceImpl.java:85)
	at org.apache.chemistry.opencmis.client.runtime.SessionFactoryImpl.getRepositories(SessionFactoryImpl.java:109)
	at org.apache.chemistry.opencmis.client.runtime.SessionFactoryImpl.getRepositories(SessionFactoryImpl.java:96)
	at org.fundaciobit.plugins.documentcustody.alfresco.base.cmis.OpenCmisAlfrescoHelper.getCmisSession(OpenCmisAlfrescoHelper.java:815)
	at org.fundaciobit.plugins.documentcustody.alfresco.base.cmis.OpenCmisAlfrescoHelper.crearDocument(OpenCmisAlfrescoHelper.java:759)
	at org.fundaciobit.plugins.documentcustody.alfresco.base.AlfrescoBaseDocumentCustodyPlugin.writeFile(AlfrescoBaseDocumentCustodyPlugin.java:120)
	at org.fundaciobit.plugins.documentcustody.alfresco.base.AlfrescoBaseDocumentCustodyPlugin.writeFileCreateParentDir(AlfrescoBaseDocumentCustodyPlugin.java:468)
	at org.fundaciobit.plugins.documentcustody.api.AbstractDocumentCustodyPlugin.reserveCustodyID(AbstractDocumentCustodyPlugin.java:269)
	at org.fundaciobit.plugins.documentcustody.alfresco.base.AlfrescoBaseDocumentCustodyPlugin.reserveCustodyID(AlfrescoBaseDocumentCustodyPlugin.java:249)
	at org.fundaciobit.plugins.documentcustody.api.test.TestDocumentCustody.internalTestGeneralDocumentCustody(TestDocumentCustody.java:69)
	at org.fundaciobit.plugins.documentcustody.api.test.TestDocumentCustody.internalTestGeneralDocumentCustody(TestDocumentCustody.java:47)
	at org.fundaciobit.plugins.documentcustody.api.test.TestDocumentCustody.internalTestFolderFromCustodyParameters(TestDocumentCustody.java:204)
	at org.fundaciobit.plugins.documentcustody.alfresco.TestAlfrescoBaseCustody.testFolderFromCustodyParameters(TestAlfrescoBaseCustody.java:199)
	at sun.reflect.NativeMethodAccessorImpl.invoke0(Native Method)
	at sun.reflect.NativeMethodAccessorImpl.invoke(NativeMethodAccessorImpl.java:57)
	at sun.reflect.DelegatingMethodAccessorImpl.invoke(DelegatingMethodAccessorImpl.java:43)
	at java.lang.reflect.Method.invoke(Method.java:606)
	at org.junit.runners.model.FrameworkMethod$1.runReflectiveCall(FrameworkMethod.java:44)
	at org.junit.internal.runners.model.ReflectiveCallable.run(ReflectiveCallable.java:15)
	at org.junit.runners.model.FrameworkMethod.invokeExplosively(FrameworkMethod.java:41)
	at org.junit.internal.runners.statements.InvokeMethod.evaluate(InvokeMethod.java:20)
	at org.junit.runners.BlockJUnit4ClassRunner.runNotIgnored(BlockJUnit4ClassRunner.java:79)
	at org.junit.runners.BlockJUnit4ClassRunner.runChild(BlockJUnit4ClassRunner.java:71)
	at org.junit.runners.BlockJUnit4ClassRunner.runChild(BlockJUnit4ClassRunner.java:49)
	at org.junit.runners.ParentRunner$3.run(ParentRunner.java:193)
	at org.junit.runners.ParentRunner$1.schedule(ParentRunner.java:52)
	at org.junit.runners.ParentRunner.runChildren(ParentRunner.java:191)
	at org.junit.runners.ParentRunner.access$000(ParentRunner.java:42)
	at org.junit.runners.ParentRunner$2.evaluate(ParentRunner.java:184)
	at org.junit.runners.ParentRunner.run(ParentRunner.java:236)
	at org.apache.maven.surefire.junit4.JUnit4Provider.execute(JUnit4Provider.java:252)
	at org.apache.maven.surefire.junit4.JUnit4Provider.executeTestSet(JUnit4Provider.java:141)
	at org.apache.maven.surefire.junit4.JUnit4Provider.invoke(JUnit4Provider.java:112)
	at sun.reflect.NativeMethodAccessorImpl.invoke0(Native Method)
	at sun.reflect.NativeMethodAccessorImpl.invoke(NativeMethodAccessorImpl.java:57)
	at sun.reflect.DelegatingMethodAccessorImpl.invoke(DelegatingMethodAccessorImpl.java:43)
	at java.lang.reflect.Method.invoke(Method.java:606)
	at org.apache.maven.surefire.util.ReflectionUtils.invokeMethodWithArray(ReflectionUtils.java:189)
	at org.apache.maven.surefire.booter.ProviderFactory$ProviderProxy.invoke(ProviderFactory.java:165)
	at org.apache.maven.surefire.booter.ProviderFactory.invokeProvider(ProviderFactory.java:85)
	at org.apache.maven.surefire.booter.ForkedBooter.runSuitesInProcess(ForkedBooter.java:115)
	at org.apache.maven.surefire.booter.ForkedBooter.main(ForkedBooter.java:75)
Caused by: java.net.ConnectException: Connection refused: connect
	at java.net.DualStackPlainSocketImpl.connect0(Native Method)
	at java.net.DualStackPlainSocketImpl.socketConnect(DualStackPlainSocketImpl.java:79)
	at java.net.AbstractPlainSocketImpl.doConnect(AbstractPlainSocketImpl.java:339)
	at java.net.AbstractPlainSocketImpl.connectToAddress(AbstractPlainSocketImpl.java:200)
	at java.net.AbstractPlainSocketImpl.connect(AbstractPlainSocketImpl.java:182)
	at java.net.PlainSocketImpl.connect(PlainSocketImpl.java:172)
	at java.net.SocksSocketImpl.connect(SocksSocketImpl.java:392)
	at java.net.Socket.connect(Socket.java:579)
	at java.net.Socket.connect(Socket.java:528)
	at sun.net.NetworkClient.doConnect(NetworkClient.java:180)
	at sun.net.www.http.HttpClient.openServer(HttpClient.java:432)
	at sun.net.www.http.HttpClient.openServer(HttpClient.java:527)
	at sun.net.www.http.HttpClient.<init>(HttpClient.java:211)
	at sun.net.www.http.HttpClient.New(HttpClient.java:308)
	at sun.net.www.http.HttpClient.New(HttpClient.java:326)
	at sun.net.www.protocol.http.HttpURLConnection.getNewHttpClient(HttpURLConnection.java:996)
	at sun.net.www.protocol.http.HttpURLConnection.plainConnect(HttpURLConnection.java:932)
	at sun.net.www.protocol.http.HttpURLConnection.connect(HttpURLConnection.java:850)
	at org.apache.chemistry.opencmis.client.bindings.spi.http.DefaultHttpInvoker.invoke(DefaultHttpInvoker.java:201)
	... 46 more
ERROR main org.fundaciobit.plugins.documentcustody.alfresco.base.AlfrescoBaseDocumentCustodyPlugin - No s'ha pogut guardar el document amb id=1523266246930441505746449136
org.apache.chemistry.opencmis.commons.exceptions.CmisConnectionException: Cannot access http://localhost:9080/alfresco/api/-default-/public/cmis/versions/1.0/atom: Connection refused: connect
	at org.apache.chemistry.opencmis.client.bindings.spi.http.DefaultHttpInvoker.invoke(DefaultHttpInvoker.java:224)
	at org.apache.chemistry.opencmis.client.bindings.spi.http.DefaultHttpInvoker.invokeGET(DefaultHttpInvoker.java:55)
	at org.apache.chemistry.opencmis.client.bindings.spi.atompub.AbstractAtomPubService.read(AbstractAtomPubService.java:597)
	at org.apache.chemistry.opencmis.client.bindings.spi.atompub.AbstractAtomPubService.getRepositoriesInternal(AbstractAtomPubService.java:764)
	at org.apache.chemistry.opencmis.client.bindings.spi.atompub.RepositoryServiceImpl.getRepositoryInfos(RepositoryServiceImpl.java:62)
	at org.apache.chemistry.opencmis.client.bindings.impl.RepositoryServiceImpl.getRepositoryInfos(RepositoryServiceImpl.java:85)
	at org.apache.chemistry.opencmis.client.runtime.SessionFactoryImpl.getRepositories(SessionFactoryImpl.java:109)
	at org.apache.chemistry.opencmis.client.runtime.SessionFactoryImpl.getRepositories(SessionFactoryImpl.java:96)
	at org.fundaciobit.plugins.documentcustody.alfresco.base.cmis.OpenCmisAlfrescoHelper.getCmisSession(OpenCmisAlfrescoHelper.java:815)
	at org.fundaciobit.plugins.documentcustody.alfresco.base.cmis.OpenCmisAlfrescoHelper.crearDocument(OpenCmisAlfrescoHelper.java:759)
	at org.fundaciobit.plugins.documentcustody.alfresco.base.AlfrescoBaseDocumentCustodyPlugin.writeFile(AlfrescoBaseDocumentCustodyPlugin.java:120)
	at org.fundaciobit.plugins.documentcustody.alfresco.base.AlfrescoBaseDocumentCustodyPlugin.writeFileCreateParentDir(AlfrescoBaseDocumentCustodyPlugin.java:468)
	at org.fundaciobit.plugins.documentcustody.api.AbstractDocumentCustodyPlugin.reserveCustodyID(AbstractDocumentCustodyPlugin.java:278)
	at org.fundaciobit.plugins.documentcustody.alfresco.base.AlfrescoBaseDocumentCustodyPlugin.reserveCustodyID(AlfrescoBaseDocumentCustodyPlugin.java:249)
	at org.fundaciobit.plugins.documentcustody.api.test.TestDocumentCustody.internalTestGeneralDocumentCustody(TestDocumentCustody.java:69)
	at org.fundaciobit.plugins.documentcustody.api.test.TestDocumentCustody.internalTestGeneralDocumentCustody(TestDocumentCustody.java:47)
	at org.fundaciobit.plugins.documentcustody.api.test.TestDocumentCustody.internalTestFolderFromCustodyParameters(TestDocumentCustody.java:204)
	at org.fundaciobit.plugins.documentcustody.alfresco.TestAlfrescoBaseCustody.testFolderFromCustodyParameters(TestAlfrescoBaseCustody.java:199)
	at sun.reflect.NativeMethodAccessorImpl.invoke0(Native Method)
	at sun.reflect.NativeMethodAccessorImpl.invoke(NativeMethodAccessorImpl.java:57)
	at sun.reflect.DelegatingMethodAccessorImpl.invoke(DelegatingMethodAccessorImpl.java:43)
	at java.lang.reflect.Method.invoke(Method.java:606)
	at org.junit.runners.model.FrameworkMethod$1.runReflectiveCall(FrameworkMethod.java:44)
	at org.junit.internal.runners.model.ReflectiveCallable.run(ReflectiveCallable.java:15)
	at org.junit.runners.model.FrameworkMethod.invokeExplosively(FrameworkMethod.java:41)
	at org.junit.internal.runners.statements.InvokeMethod.evaluate(InvokeMethod.java:20)
	at org.junit.runners.BlockJUnit4ClassRunner.runNotIgnored(BlockJUnit4ClassRunner.java:79)
	at org.junit.runners.BlockJUnit4ClassRunner.runChild(BlockJUnit4ClassRunner.java:71)
	at org.junit.runners.BlockJUnit4ClassRunner.runChild(BlockJUnit4ClassRunner.java:49)
	at org.junit.runners.ParentRunner$3.run(ParentRunner.java:193)
	at org.junit.runners.ParentRunner$1.schedule(ParentRunner.java:52)
	at org.junit.runners.ParentRunner.runChildren(ParentRunner.java:191)
	at org.junit.runners.ParentRunner.access$000(ParentRunner.java:42)
	at org.junit.runners.ParentRunner$2.evaluate(ParentRunner.java:184)
	at org.junit.runners.ParentRunner.run(ParentRunner.java:236)
	at org.apache.maven.surefire.junit4.JUnit4Provider.execute(JUnit4Provider.java:252)
	at org.apache.maven.surefire.junit4.JUnit4Provider.executeTestSet(JUnit4Provider.java:141)
	at org.apache.maven.surefire.junit4.JUnit4Provider.invoke(JUnit4Provider.java:112)
	at sun.reflect.NativeMethodAccessorImpl.invoke0(Native Method)
	at sun.reflect.NativeMethodAccessorImpl.invoke(NativeMethodAccessorImpl.java:57)
	at sun.reflect.DelegatingMethodAccessorImpl.invoke(DelegatingMethodAccessorImpl.java:43)
	at java.lang.reflect.Method.invoke(Method.java:606)
	at org.apache.maven.surefire.util.ReflectionUtils.invokeMethodWithArray(ReflectionUtils.java:189)
	at org.apache.maven.surefire.booter.ProviderFactory$ProviderProxy.invoke(ProviderFactory.java:165)
	at org.apache.maven.surefire.booter.ProviderFactory.invokeProvider(ProviderFactory.java:85)
	at org.apache.maven.surefire.booter.ForkedBooter.runSuitesInProcess(ForkedBooter.java:115)
	at org.apache.maven.surefire.booter.ForkedBooter.main(ForkedBooter.java:75)
Caused by: java.net.ConnectException: Connection refused: connect
	at java.net.DualStackPlainSocketImpl.connect0(Native Method)
	at java.net.DualStackPlainSocketImpl.socketConnect(DualStackPlainSocketImpl.java:79)
	at java.net.AbstractPlainSocketImpl.doConnect(AbstractPlainSocketImpl.java:339)
	at java.net.AbstractPlainSocketImpl.connectToAddress(AbstractPlainSocketImpl.java:200)
	at java.net.AbstractPlainSocketImpl.connect(AbstractPlainSocketImpl.java:182)
	at java.net.PlainSocketImpl.connect(PlainSocketImpl.java:172)
	at java.net.SocksSocketImpl.connect(SocksSocketImpl.java:392)
	at java.net.Socket.connect(Socket.java:579)
	at java.net.Socket.connect(Socket.java:528)
	at sun.net.NetworkClient.doConnect(NetworkClient.java:180)
	at sun.net.www.http.HttpClient.openServer(HttpClient.java:432)
	at sun.net.www.http.HttpClient.openServer(HttpClient.java:527)
	at sun.net.www.http.HttpClient.<init>(HttpClient.java:211)
	at sun.net.www.http.HttpClient.New(HttpClient.java:308)
	at sun.net.www.http.HttpClient.New(HttpClient.java:326)
	at sun.net.www.protocol.http.HttpURLConnection.getNewHttpClient(HttpURLConnection.java:996)
	at sun.net.www.protocol.http.HttpURLConnection.plainConnect(HttpURLConnection.java:932)
	at sun.net.www.protocol.http.HttpURLConnection.connect(HttpURLConnection.java:850)
	at org.apache.chemistry.opencmis.client.bindings.spi.http.DefaultHttpInvoker.invoke(DefaultHttpInvoker.java:201)
	... 46 more
ERROR main org.fundaciobit.plugins.documentcustody.alfresco.base.cmis.OpenCmisAlfrescoHelper - Error al intentar borrar el document: /1975/04/24/155/touch
org.apache.chemistry.opencmis.commons.exceptions.CmisConnectionException: Cannot access http://localhost:9080/alfresco/api/-default-/public/cmis/versions/1.0/atom: Connection refused: connect
	at org.apache.chemistry.opencmis.client.bindings.spi.http.DefaultHttpInvoker.invoke(DefaultHttpInvoker.java:224)
	at org.apache.chemistry.opencmis.client.bindings.spi.http.DefaultHttpInvoker.invokeGET(DefaultHttpInvoker.java:55)
	at org.apache.chemistry.opencmis.client.bindings.spi.atompub.AbstractAtomPubService.read(AbstractAtomPubService.java:597)
	at org.apache.chemistry.opencmis.client.bindings.spi.atompub.AbstractAtomPubService.getRepositoriesInternal(AbstractAtomPubService.java:764)
	at org.apache.chemistry.opencmis.client.bindings.spi.atompub.RepositoryServiceImpl.getRepositoryInfos(RepositoryServiceImpl.java:62)
	at org.apache.chemistry.opencmis.client.bindings.impl.RepositoryServiceImpl.getRepositoryInfos(RepositoryServiceImpl.java:85)
	at org.apache.chemistry.opencmis.client.runtime.SessionFactoryImpl.getRepositories(SessionFactoryImpl.java:109)
	at org.apache.chemistry.opencmis.client.runtime.SessionFactoryImpl.getRepositories(SessionFactoryImpl.java:96)
	at org.fundaciobit.plugins.documentcustody.alfresco.base.cmis.OpenCmisAlfrescoHelper.getCmisSession(OpenCmisAlfrescoHelper.java:815)
	at org.fundaciobit.plugins.documentcustody.alfresco.base.cmis.OpenCmisAlfrescoHelper.borrarDocument(OpenCmisAlfrescoHelper.java:550)
	at org.fundaciobit.plugins.documentcustody.alfresco.base.AlfrescoBaseDocumentCustodyPlugin.deleteFile(AlfrescoBaseDocumentCustodyPlugin.java:164)
	at org.fundaciobit.plugins.documentcustody.api.AbstractDocumentCustodyPlugin.reserveCustodyID(AbstractDocumentCustodyPlugin.java:280)
	at org.fundaciobit.plugins.documentcustody.alfresco.base.AlfrescoBaseDocumentCustodyPlugin.reserveCustodyID(AlfrescoBaseDocumentCustodyPlugin.java:249)
	at org.fundaciobit.plugins.documentcustody.api.test.TestDocumentCustody.internalTestGeneralDocumentCustody(TestDocumentCustody.java:69)
	at org.fundaciobit.plugins.documentcustody.api.test.TestDocumentCustody.internalTestGeneralDocumentCustody(TestDocumentCustody.java:47)
	at org.fundaciobit.plugins.documentcustody.api.test.TestDocumentCustody.internalTestFolderFromCustodyParameters(TestDocumentCustody.java:204)
	at org.fundaciobit.plugins.documentcustody.alfresco.TestAlfrescoBaseCustody.testFolderFromCustodyParameters(TestAlfrescoBaseCustody.java:199)
	at sun.reflect.NativeMethodAccessorImpl.invoke0(Native Method)
	at sun.reflect.NativeMethodAccessorImpl.invoke(NativeMethodAccessorImpl.java:57)
	at sun.reflect.DelegatingMethodAccessorImpl.invoke(DelegatingMethodAccessorImpl.java:43)
	at java.lang.reflect.Method.invoke(Method.java:606)
	at org.junit.runners.model.FrameworkMethod$1.runReflectiveCall(FrameworkMethod.java:44)
	at org.junit.internal.runners.model.ReflectiveCallable.run(ReflectiveCallable.java:15)
	at org.junit.runners.model.FrameworkMethod.invokeExplosively(FrameworkMethod.java:41)
	at org.junit.internal.runners.statements.InvokeMethod.evaluate(InvokeMethod.java:20)
	at org.junit.runners.BlockJUnit4ClassRunner.runNotIgnored(BlockJUnit4ClassRunner.java:79)
	at org.junit.runners.BlockJUnit4ClassRunner.runChild(BlockJUnit4ClassRunner.java:71)
	at org.junit.runners.BlockJUnit4ClassRunner.runChild(BlockJUnit4ClassRunner.java:49)
	at org.junit.runners.ParentRunner$3.run(ParentRunner.java:193)
	at org.junit.runners.ParentRunner$1.schedule(ParentRunner.java:52)
	at org.junit.runners.ParentRunner.runChildren(ParentRunner.java:191)
	at org.junit.runners.ParentRunner.access$000(ParentRunner.java:42)
	at org.junit.runners.ParentRunner$2.evaluate(ParentRunner.java:184)
	at org.junit.runners.ParentRunner.run(ParentRunner.java:236)
	at org.apache.maven.surefire.junit4.JUnit4Provider.execute(JUnit4Provider.java:252)
	at org.apache.maven.surefire.junit4.JUnit4Provider.executeTestSet(JUnit4Provider.java:141)
	at org.apache.maven.surefire.junit4.JUnit4Provider.invoke(JUnit4Provider.java:112)
	at sun.reflect.NativeMethodAccessorImpl.invoke0(Native Method)
	at sun.reflect.NativeMethodAccessorImpl.invoke(NativeMethodAccessorImpl.java:57)
	at sun.reflect.DelegatingMethodAccessorImpl.invoke(DelegatingMethodAccessorImpl.java:43)
	at java.lang.reflect.Method.invoke(Method.java:606)
	at org.apache.maven.surefire.util.ReflectionUtils.invokeMethodWithArray(ReflectionUtils.java:189)
	at org.apache.maven.surefire.booter.ProviderFactory$ProviderProxy.invoke(ProviderFactory.java:165)
	at org.apache.maven.surefire.booter.ProviderFactory.invokeProvider(ProviderFactory.java:85)
	at org.apache.maven.surefire.booter.ForkedBooter.runSuitesInProcess(ForkedBooter.java:115)
	at org.apache.maven.surefire.booter.ForkedBooter.main(ForkedBooter.java:75)
Caused by: java.net.ConnectException: Connection refused: connect
	at java.net.DualStackPlainSocketImpl.connect0(Native Method)
	at java.net.DualStackPlainSocketImpl.socketConnect(DualStackPlainSocketImpl.java:79)
	at java.net.AbstractPlainSocketImpl.doConnect(AbstractPlainSocketImpl.java:339)
	at java.net.AbstractPlainSocketImpl.connectToAddress(AbstractPlainSocketImpl.java:200)
	at java.net.AbstractPlainSocketImpl.connect(AbstractPlainSocketImpl.java:182)
	at java.net.PlainSocketImpl.connect(PlainSocketImpl.java:172)
	at java.net.SocksSocketImpl.connect(SocksSocketImpl.java:392)
	at java.net.Socket.connect(Socket.java:579)
	at java.net.Socket.connect(Socket.java:528)
	at sun.net.NetworkClient.doConnect(NetworkClient.java:180)
	at sun.net.www.http.HttpClient.openServer(HttpClient.java:432)
	at sun.net.www.http.HttpClient.openServer(HttpClient.java:527)
	at sun.net.www.http.HttpClient.<init>(HttpClient.java:211)
	at sun.net.www.http.HttpClient.New(HttpClient.java:308)
	at sun.net.www.http.HttpClient.New(HttpClient.java:326)
	at sun.net.www.protocol.http.HttpURLConnection.getNewHttpClient(HttpURLConnection.java:996)
	at sun.net.www.protocol.http.HttpURLConnection.plainConnect(HttpURLConnection.java:932)
	at sun.net.www.protocol.http.HttpURLConnection.connect(HttpURLConnection.java:850)
	at org.apache.chemistry.opencmis.client.bindings.spi.http.DefaultHttpInvoker.invoke(DefaultHttpInvoker.java:201)
	... 45 more
ERROR main org.fundaciobit.plugins.documentcustody.alfresco.base.AlfrescoBaseDocumentCustodyPlugin - No s'ha pogut guardar el document amb id=1523266246930441505746449136
org.apache.chemistry.opencmis.commons.exceptions.CmisConnectionException: Cannot access http://localhost:9080/alfresco/api/-default-/public/cmis/versions/1.0/atom: Connection refused: connect
	at org.apache.chemistry.opencmis.client.bindings.spi.http.DefaultHttpInvoker.invoke(DefaultHttpInvoker.java:224)
	at org.apache.chemistry.opencmis.client.bindings.spi.http.DefaultHttpInvoker.invokeGET(DefaultHttpInvoker.java:55)
	at org.apache.chemistry.opencmis.client.bindings.spi.atompub.AbstractAtomPubService.read(AbstractAtomPubService.java:597)
	at org.apache.chemistry.opencmis.client.bindings.spi.atompub.AbstractAtomPubService.getRepositoriesInternal(AbstractAtomPubService.java:764)
	at org.apache.chemistry.opencmis.client.bindings.spi.atompub.RepositoryServiceImpl.getRepositoryInfos(RepositoryServiceImpl.java:62)
	at org.apache.chemistry.opencmis.client.bindings.impl.RepositoryServiceImpl.getRepositoryInfos(RepositoryServiceImpl.java:85)
	at org.apache.chemistry.opencmis.client.runtime.SessionFactoryImpl.getRepositories(SessionFactoryImpl.java:109)
	at org.apache.chemistry.opencmis.client.runtime.SessionFactoryImpl.getRepositories(SessionFactoryImpl.java:96)
	at org.fundaciobit.plugins.documentcustody.alfresco.base.cmis.OpenCmisAlfrescoHelper.getCmisSession(OpenCmisAlfrescoHelper.java:815)
	at org.fundaciobit.plugins.documentcustody.alfresco.base.cmis.OpenCmisAlfrescoHelper.crearDocument(OpenCmisAlfrescoHelper.java:759)
	at org.fundaciobit.plugins.documentcustody.alfresco.base.AlfrescoBaseDocumentCustodyPlugin.writeFile(AlfrescoBaseDocumentCustodyPlugin.java:120)
	at org.fundaciobit.plugins.documentcustody.api.AbstractDocumentCustodyPlugin.saveDocument(AbstractDocumentCustodyPlugin.java:609)
	at org.fundaciobit.plugins.documentcustody.api.test.TestDocumentCustody.internalTestGeneralDocumentCustody(TestDocumentCustody.java:77)
	at org.fundaciobit.plugins.documentcustody.api.test.TestDocumentCustody.internalTestGeneralDocumentCustody(TestDocumentCustody.java:47)
	at org.fundaciobit.plugins.documentcustody.api.test.TestDocumentCustody.internalTestFolderFromCustodyParameters(TestDocumentCustody.java:204)
	at org.fundaciobit.plugins.documentcustody.alfresco.TestAlfrescoBaseCustody.testFolderFromCustodyParameters(TestAlfrescoBaseCustody.java:199)
	at sun.reflect.NativeMethodAccessorImpl.invoke0(Native Method)
	at sun.reflect.NativeMethodAccessorImpl.invoke(NativeMethodAccessorImpl.java:57)
	at sun.reflect.DelegatingMethodAccessorImpl.invoke(DelegatingMethodAccessorImpl.java:43)
	at java.lang.reflect.Method.invoke(Method.java:606)
	at org.junit.runners.model.FrameworkMethod$1.runReflectiveCall(FrameworkMethod.java:44)
	at org.junit.internal.runners.model.ReflectiveCallable.run(ReflectiveCallable.java:15)
	at org.junit.runners.model.FrameworkMethod.invokeExplosively(FrameworkMethod.java:41)
	at org.junit.internal.runners.statements.InvokeMethod.evaluate(InvokeMethod.java:20)
	at org.junit.runners.BlockJUnit4ClassRunner.runNotIgnored(BlockJUnit4ClassRunner.java:79)
	at org.junit.runners.BlockJUnit4ClassRunner.runChild(BlockJUnit4ClassRunner.java:71)
	at org.junit.runners.BlockJUnit4ClassRunner.runChild(BlockJUnit4ClassRunner.java:49)
	at org.junit.runners.ParentRunner$3.run(ParentRunner.java:193)
	at org.junit.runners.ParentRunner$1.schedule(ParentRunner.java:52)
	at org.junit.runners.ParentRunner.runChildren(ParentRunner.java:191)
	at org.junit.runners.ParentRunner.access$000(ParentRunner.java:42)
	at org.junit.runners.ParentRunner$2.evaluate(ParentRunner.java:184)
	at org.junit.runners.ParentRunner.run(ParentRunner.java:236)
	at org.apache.maven.surefire.junit4.JUnit4Provider.execute(JUnit4Provider.java:252)
	at org.apache.maven.surefire.junit4.JUnit4Provider.executeTestSet(JUnit4Provider.java:141)
	at org.apache.maven.surefire.junit4.JUnit4Provider.invoke(JUnit4Provider.java:112)
	at sun.reflect.NativeMethodAccessorImpl.invoke0(Native Method)
	at sun.reflect.NativeMethodAccessorImpl.invoke(NativeMethodAccessorImpl.java:57)
	at sun.reflect.DelegatingMethodAccessorImpl.invoke(DelegatingMethodAccessorImpl.java:43)
	at java.lang.reflect.Method.invoke(Method.java:606)
	at org.apache.maven.surefire.util.ReflectionUtils.invokeMethodWithArray(ReflectionUtils.java:189)
	at org.apache.maven.surefire.booter.ProviderFactory$ProviderProxy.invoke(ProviderFactory.java:165)
	at org.apache.maven.surefire.booter.ProviderFactory.invokeProvider(ProviderFactory.java:85)
	at org.apache.maven.surefire.booter.ForkedBooter.runSuitesInProcess(ForkedBooter.java:115)
	at org.apache.maven.surefire.booter.ForkedBooter.main(ForkedBooter.java:75)
Caused by: java.net.ConnectException: Connection refused: connect
	at java.net.DualStackPlainSocketImpl.connect0(Native Method)
	at java.net.DualStackPlainSocketImpl.socketConnect(DualStackPlainSocketImpl.java:79)
	at java.net.AbstractPlainSocketImpl.doConnect(AbstractPlainSocketImpl.java:339)
	at java.net.AbstractPlainSocketImpl.connectToAddress(AbstractPlainSocketImpl.java:200)
	at java.net.AbstractPlainSocketImpl.connect(AbstractPlainSocketImpl.java:182)
	at java.net.PlainSocketImpl.connect(PlainSocketImpl.java:172)
	at java.net.SocksSocketImpl.connect(SocksSocketImpl.java:392)
	at java.net.Socket.connect(Socket.java:579)
	at java.net.Socket.connect(Socket.java:528)
	at sun.net.NetworkClient.doConnect(NetworkClient.java:180)
	at sun.net.www.http.HttpClient.openServer(HttpClient.java:432)
	at sun.net.www.http.HttpClient.openServer(HttpClient.java:527)
	at sun.net.www.http.HttpClient.<init>(HttpClient.java:211)
	at sun.net.www.http.HttpClient.New(HttpClient.java:308)
	at sun.net.www.http.HttpClient.New(HttpClient.java:326)
	at sun.net.www.protocol.http.HttpURLConnection.getNewHttpClient(HttpURLConnection.java:996)
	at sun.net.www.protocol.http.HttpURLConnection.plainConnect(HttpURLConnection.java:932)
	at sun.net.www.protocol.http.HttpURLConnection.connect(HttpURLConnection.java:850)
	at org.apache.chemistry.opencmis.client.bindings.spi.http.DefaultHttpInvoker.invoke(DefaultHttpInvoker.java:201)
	... 44 more
ERROR main org.fundaciobit.plugins.documentcustody.alfresco.base.AlfrescoBaseDocumentCustodyPlugin - No s'ha pogut guardar el document amb id=1523266246930441505746449136
org.apache.chemistry.opencmis.commons.exceptions.CmisConnectionException: Cannot access http://localhost:9080/alfresco/api/-default-/public/cmis/versions/1.0/atom: Connection refused: connect
	at org.apache.chemistry.opencmis.client.bindings.spi.http.DefaultHttpInvoker.invoke(DefaultHttpInvoker.java:224)
	at org.apache.chemistry.opencmis.client.bindings.spi.http.DefaultHttpInvoker.invokeGET(DefaultHttpInvoker.java:55)
	at org.apache.chemistry.opencmis.client.bindings.spi.atompub.AbstractAtomPubService.read(AbstractAtomPubService.java:597)
	at org.apache.chemistry.opencmis.client.bindings.spi.atompub.AbstractAtomPubService.getRepositoriesInternal(AbstractAtomPubService.java:764)
	at org.apache.chemistry.opencmis.client.bindings.spi.atompub.RepositoryServiceImpl.getRepositoryInfos(RepositoryServiceImpl.java:62)
	at org.apache.chemistry.opencmis.client.bindings.impl.RepositoryServiceImpl.getRepositoryInfos(RepositoryServiceImpl.java:85)
	at org.apache.chemistry.opencmis.client.runtime.SessionFactoryImpl.getRepositories(SessionFactoryImpl.java:109)
	at org.apache.chemistry.opencmis.client.runtime.SessionFactoryImpl.getRepositories(SessionFactoryImpl.java:96)
	at org.fundaciobit.plugins.documentcustody.alfresco.base.cmis.OpenCmisAlfrescoHelper.getCmisSession(OpenCmisAlfrescoHelper.java:815)
	at org.fundaciobit.plugins.documentcustody.alfresco.base.cmis.OpenCmisAlfrescoHelper.crearDocument(OpenCmisAlfrescoHelper.java:759)
	at org.fundaciobit.plugins.documentcustody.alfresco.base.AlfrescoBaseDocumentCustodyPlugin.writeFile(AlfrescoBaseDocumentCustodyPlugin.java:120)
	at org.fundaciobit.plugins.documentcustody.api.AbstractDocumentCustodyPlugin.writeObject(AbstractDocumentCustodyPlugin.java:1282)
	at org.fundaciobit.plugins.documentcustody.api.AbstractDocumentCustodyPlugin.saveDocument(AbstractDocumentCustodyPlugin.java:615)
	at org.fundaciobit.plugins.documentcustody.api.test.TestDocumentCustody.internalTestGeneralDocumentCustody(TestDocumentCustody.java:77)
	at org.fundaciobit.plugins.documentcustody.api.test.TestDocumentCustody.internalTestGeneralDocumentCustody(TestDocumentCustody.java:47)
	at org.fundaciobit.plugins.documentcustody.api.test.TestDocumentCustody.internalTestFolderFromCustodyParameters(TestDocumentCustody.java:204)
	at org.fundaciobit.plugins.documentcustody.alfresco.TestAlfrescoBaseCustody.testFolderFromCustodyParameters(TestAlfrescoBaseCustody.java:199)
	at sun.reflect.NativeMethodAccessorImpl.invoke0(Native Method)
	at sun.reflect.NativeMethodAccessorImpl.invoke(NativeMethodAccessorImpl.java:57)
	at sun.reflect.DelegatingMethodAccessorImpl.invoke(DelegatingMethodAccessorImpl.java:43)
	at java.lang.reflect.Method.invoke(Method.java:606)
	at org.junit.runners.model.FrameworkMethod$1.runReflectiveCall(FrameworkMethod.java:44)
	at org.junit.internal.runners.model.ReflectiveCallable.run(ReflectiveCallable.java:15)
	at org.junit.runners.model.FrameworkMethod.invokeExplosively(FrameworkMethod.java:41)
	at org.junit.internal.runners.statements.InvokeMethod.evaluate(InvokeMethod.java:20)
	at org.junit.runners.BlockJUnit4ClassRunner.runNotIgnored(BlockJUnit4ClassRunner.java:79)
	at org.junit.runners.BlockJUnit4ClassRunner.runChild(BlockJUnit4ClassRunner.java:71)
	at org.junit.runners.BlockJUnit4ClassRunner.runChild(BlockJUnit4ClassRunner.java:49)
	at org.junit.runners.ParentRunner$3.run(ParentRunner.java:193)
	at org.junit.runners.ParentRunner$1.schedule(ParentRunner.java:52)
	at org.junit.runners.ParentRunner.runChildren(ParentRunner.java:191)
	at org.junit.runners.ParentRunner.access$000(ParentRunner.java:42)
	at org.junit.runners.ParentRunner$2.evaluate(ParentRunner.java:184)
	at org.junit.runners.ParentRunner.run(ParentRunner.java:236)
	at org.apache.maven.surefire.junit4.JUnit4Provider.execute(JUnit4Provider.java:252)
	at org.apache.maven.surefire.junit4.JUnit4Provider.executeTestSet(JUnit4Provider.java:141)
	at org.apache.maven.surefire.junit4.JUnit4Provider.invoke(JUnit4Provider.java:112)
	at sun.reflect.NativeMethodAccessorImpl.invoke0(Native Method)
	at sun.reflect.NativeMethodAccessorImpl.invoke(NativeMethodAccessorImpl.java:57)
	at sun.reflect.DelegatingMethodAccessorImpl.invoke(DelegatingMethodAccessorImpl.java:43)
	at java.lang.reflect.Method.invoke(Method.java:606)
	at org.apache.maven.surefire.util.ReflectionUtils.invokeMethodWithArray(ReflectionUtils.java:189)
	at org.apache.maven.surefire.booter.ProviderFactory$ProviderProxy.invoke(ProviderFactory.java:165)
	at org.apache.maven.surefire.booter.ProviderFactory.invokeProvider(ProviderFactory.java:85)
	at org.apache.maven.surefire.booter.ForkedBooter.runSuitesInProcess(ForkedBooter.java:115)
	at org.apache.maven.surefire.booter.ForkedBooter.main(ForkedBooter.java:75)
Caused by: java.net.ConnectException: Connection refused: connect
	at java.net.DualStackPlainSocketImpl.connect0(Native Method)
	at java.net.DualStackPlainSocketImpl.socketConnect(DualStackPlainSocketImpl.java:79)
	at java.net.AbstractPlainSocketImpl.doConnect(AbstractPlainSocketImpl.java:339)
	at java.net.AbstractPlainSocketImpl.connectToAddress(AbstractPlainSocketImpl.java:200)
	at java.net.AbstractPlainSocketImpl.connect(AbstractPlainSocketImpl.java:182)
	at java.net.PlainSocketImpl.connect(PlainSocketImpl.java:172)
	at java.net.SocksSocketImpl.connect(SocksSocketImpl.java:392)
	at java.net.Socket.connect(Socket.java:579)
	at java.net.Socket.connect(Socket.java:528)
	at sun.net.NetworkClient.doConnect(NetworkClient.java:180)
	at sun.net.www.http.HttpClient.openServer(HttpClient.java:432)
	at sun.net.www.http.HttpClient.openServer(HttpClient.java:527)
	at sun.net.www.http.HttpClient.<init>(HttpClient.java:211)
	at sun.net.www.http.HttpClient.New(HttpClient.java:308)
	at sun.net.www.http.HttpClient.New(HttpClient.java:326)
	at sun.net.www.protocol.http.HttpURLConnection.getNewHttpClient(HttpURLConnection.java:996)
	at sun.net.www.protocol.http.HttpURLConnection.plainConnect(HttpURLConnection.java:932)
	at sun.net.www.protocol.http.HttpURLConnection.connect(HttpURLConnection.java:850)
	at org.apache.chemistry.opencmis.client.bindings.spi.http.DefaultHttpInvoker.invoke(DefaultHttpInvoker.java:201)
	... 45 more
